<?xml version="1.0" encoding="UTF-8"?>
<coverage generated="1686301661661" clover="3.2.0">
  <project timestamp="1686301661662" name="All files">
    <metrics statements="37" coveredstatements="37" conditionals="25" coveredconditionals="25" methods="5" coveredmethods="5" elements="67" coveredelements="67" complexity="0" loc="37" ncloc="37" packages="1" files="1" classes="1"/>
    <file name="range.js" path="D:\scripts\_javascript\iterators-and-generators\src\lib\range.js">
      <metrics statements="37" coveredstatements="37" conditionals="25" coveredconditionals="25" methods="5" coveredmethods="5"/>
      <line num="2" count="28" type="cond" truecount="2" falsecount="0"/>
      <line num="3" count="2" type="stmt"/>
      <line num="6" count="26" type="cond" truecount="2" falsecount="0"/>
      <line num="7" count="2" type="stmt"/>
      <line num="10" count="24" type="stmt"/>
      <line num="11" count="24" type="stmt"/>
      <line num="12" count="24" type="stmt"/>
      <line num="14" count="24" type="cond" truecount="3" falsecount="0"/>
      <line num="16" count="4" type="stmt"/>
      <line num="17" count="4" type="stmt"/>
      <line num="19" count="10" type="stmt"/>
      <line num="20" count="10" type="stmt"/>
      <line num="21" count="10" type="stmt"/>
      <line num="23" count="10" type="stmt"/>
      <line num="24" count="10" type="stmt"/>
      <line num="25" count="10" type="stmt"/>
      <line num="33" count="24" type="stmt"/>
      <line num="34" count="64" type="stmt"/>
      <line num="36" count="64" type="stmt"/>
      <line num="37" count="64" type="cond" truecount="2" falsecount="0"/>
      <line num="38" count="4" type="stmt"/>
      <line num="42" count="60" type="cond" truecount="4" falsecount="0"/>
      <line num="44" count="2" type="stmt"/>
      <line num="47" count="58" type="cond" truecount="4" falsecount="0"/>
      <line num="48" count="2" type="stmt"/>
      <line num="51" count="56" type="cond" truecount="4" falsecount="0"/>
      <line num="53" count="2" type="stmt"/>
      <line num="57" count="54" type="stmt"/>
      <line num="60" count="24" type="stmt"/>
      <line num="61" count="22" type="stmt"/>
      <line num="62" count="18" type="stmt"/>
      <line num="64" count="14" type="stmt"/>
      <line num="65" count="14" type="stmt"/>
      <line num="69" count="45" type="stmt"/>
      <line num="74" count="14" type="stmt"/>
      <line num="78" count="36" type="stmt"/>
      <line num="82" count="7" type="stmt"/>
    </file>
  </project>
</coverage>
