{"D:\\scripts\\_javascript\\iterators-and-generators\\src\\lib\\range.js": {"path":"D:\\scripts\\_javascript\\iterators-and-generators\\src\\lib\\range.js","statementMap":{"0":{"start":{"line":2,"column":2},"end":{"line":4,"column":3}},"1":{"start":{"line":3,"column":4},"end":{"line":3,"column":64}},"2":{"start":{"line":6,"column":2},"end":{"line":8,"column":3}},"3":{"start":{"line":7,"column":4},"end":{"line":7,"column":77}},"4":{"start":{"line":10,"column":14},"end":{"line":10,"column":15}},"5":{"start":{"line":11,"column":15},"end":{"line":11,"column":24}},"6":{"start":{"line":12,"column":13},"end":{"line":12,"column":14}},"7":{"start":{"line":14,"column":2},"end":{"line":26,"column":3}},"8":{"start":{"line":16,"column":6},"end":{"line":16,"column":22}},"9":{"start":{"line":17,"column":6},"end":{"line":17,"column":11}},"10":{"start":{"line":19,"column":6},"end":{"line":19,"column":21}},"11":{"start":{"line":20,"column":6},"end":{"line":20,"column":22}},"12":{"start":{"line":21,"column":6},"end":{"line":21,"column":11}},"13":{"start":{"line":23,"column":6},"end":{"line":23,"column":21}},"14":{"start":{"line":24,"column":6},"end":{"line":24,"column":22}},"15":{"start":{"line":25,"column":6},"end":{"line":25,"column":20}},"16":{"start":{"line":33,"column":19},"end":{"line":58,"column":3}},"17":{"start":{"line":34,"column":27},"end":{"line":34,"column":52}},"18":{"start":{"line":36,"column":18},"end":{"line":36,"column":28}},"19":{"start":{"line":37,"column":4},"end":{"line":39,"column":5}},"20":{"start":{"line":38,"column":6},"end":{"line":38,"column":76}},"21":{"start":{"line":42,"column":4},"end":{"line":45,"column":5}},"22":{"start":{"line":44,"column":6},"end":{"line":44,"column":61}},"23":{"start":{"line":47,"column":4},"end":{"line":49,"column":5}},"24":{"start":{"line":48,"column":6},"end":{"line":48,"column":61}},"25":{"start":{"line":51,"column":4},"end":{"line":54,"column":5}},"26":{"start":{"line":53,"column":6},"end":{"line":53,"column":53}},"27":{"start":{"line":57,"column":4},"end":{"line":57,"column":10}},"28":{"start":{"line":60,"column":2},"end":{"line":60,"column":19}},"29":{"start":{"line":61,"column":2},"end":{"line":61,"column":20}},"30":{"start":{"line":62,"column":2},"end":{"line":62,"column":18}},"31":{"start":{"line":64,"column":2},"end":{"line":69,"column":11}},"32":{"start":{"line":65,"column":12},"end":{"line":65,"column":17}},"33":{"start":{"line":69,"column":4},"end":{"line":69,"column":11}},"34":{"start":{"line":74,"column":4},"end":{"line":74,"column":22}},"35":{"start":{"line":78,"column":4},"end":{"line":78,"column":25}},"36":{"start":{"line":82,"column":4},"end":{"line":82,"column":15}}},"fnMap":{"0":{"name":"range","decl":{"start":{"line":1,"column":10},"end":{"line":1,"column":15}},"loc":{"start":{"line":1,"column":25},"end":{"line":70,"column":1}},"line":1},"1":{"name":"(anonymous_1)","decl":{"start":{"line":33,"column":19},"end":{"line":33,"column":20}},"loc":{"start":{"line":33,"column":29},"end":{"line":58,"column":3}},"line":33},"2":{"name":"(anonymous_2)","decl":{"start":{"line":73,"column":2},"end":{"line":73,"column":3}},"loc":{"start":{"line":73,"column":24},"end":{"line":75,"column":3}},"line":73},"3":{"name":"(anonymous_3)","decl":{"start":{"line":77,"column":2},"end":{"line":77,"column":3}},"loc":{"start":{"line":77,"column":9},"end":{"line":79,"column":3}},"line":77},"4":{"name":"(anonymous_4)","decl":{"start":{"line":81,"column":2},"end":{"line":81,"column":3}},"loc":{"start":{"line":81,"column":22},"end":{"line":83,"column":3}},"line":81}},"branchMap":{"0":{"loc":{"start":{"line":2,"column":2},"end":{"line":4,"column":3}},"type":"if","locations":[{"start":{"line":2,"column":2},"end":{"line":4,"column":3}},{"start":{},"end":{}}],"line":2},"1":{"loc":{"start":{"line":6,"column":2},"end":{"line":8,"column":3}},"type":"if","locations":[{"start":{"line":6,"column":2},"end":{"line":8,"column":3}},{"start":{},"end":{}}],"line":6},"2":{"loc":{"start":{"line":14,"column":2},"end":{"line":26,"column":3}},"type":"switch","locations":[{"start":{"line":15,"column":4},"end":{"line":17,"column":11}},{"start":{"line":18,"column":4},"end":{"line":21,"column":11}},{"start":{"line":22,"column":4},"end":{"line":25,"column":20}}],"line":14},"3":{"loc":{"start":{"line":37,"column":4},"end":{"line":39,"column":5}},"type":"if","locations":[{"start":{"line":37,"column":4},"end":{"line":39,"column":5}},{"start":{},"end":{}}],"line":37},"4":{"loc":{"start":{"line":42,"column":4},"end":{"line":45,"column":5}},"type":"if","locations":[{"start":{"line":42,"column":4},"end":{"line":45,"column":5}},{"start":{},"end":{}}],"line":42},"5":{"loc":{"start":{"line":42,"column":8},"end":{"line":42,"column":47}},"type":"binary-expr","locations":[{"start":{"line":42,"column":8},"end":{"line":42,"column":30}},{"start":{"line":42,"column":34},"end":{"line":42,"column":47}}],"line":42},"6":{"loc":{"start":{"line":47,"column":4},"end":{"line":49,"column":5}},"type":"if","locations":[{"start":{"line":47,"column":4},"end":{"line":49,"column":5}},{"start":{},"end":{}}],"line":47},"7":{"loc":{"start":{"line":47,"column":8},"end":{"line":47,"column":39}},"type":"binary-expr","locations":[{"start":{"line":47,"column":8},"end":{"line":47,"column":26}},{"start":{"line":47,"column":30},"end":{"line":47,"column":39}}],"line":47},"8":{"loc":{"start":{"line":51,"column":4},"end":{"line":54,"column":5}},"type":"if","locations":[{"start":{"line":51,"column":4},"end":{"line":54,"column":5}},{"start":{},"end":{}}],"line":51},"9":{"loc":{"start":{"line":51,"column":8},"end":{"line":51,"column":61}},"type":"binary-expr","locations":[{"start":{"line":51,"column":8},"end":{"line":51,"column":43}},{"start":{"line":51,"column":47},"end":{"line":51,"column":61}}],"line":51},"10":{"loc":{"start":{"line":66,"column":4},"end":{"line":66,"column":56}},"type":"binary-expr","locations":[{"start":{"line":66,"column":5},"end":{"line":66,"column":13}},{"start":{"line":66,"column":17},"end":{"line":66,"column":27}},{"start":{"line":66,"column":33},"end":{"line":66,"column":41}},{"start":{"line":66,"column":45},"end":{"line":66,"column":55}}],"line":66}},"s":{"0":28,"1":2,"2":26,"3":2,"4":24,"5":24,"6":24,"7":24,"8":4,"9":4,"10":10,"11":10,"12":10,"13":10,"14":10,"15":10,"16":24,"17":64,"18":64,"19":64,"20":4,"21":60,"22":2,"23":58,"24":2,"25":56,"26":2,"27":54,"28":24,"29":22,"30":18,"31":14,"32":14,"33":45,"34":14,"35":36,"36":7},"f":{"0":28,"1":64,"2":14,"3":36,"4":7},"b":{"0":[2,26],"1":[2,24],"2":[4,10,10],"3":[4,60],"4":[2,58],"5":[60,6],"6":[2,56],"7":[58,16],"8":[2,54],"9":[56,38],"10":[57,39,26,18]},"_coverageSchema":"1a1c01bbd47fc00a2c39e90264f33305004495a9","hash":"bf2df051ac37efbc0903eac90715b1fc209fef23"}
}
