{"D:\\scripts\\_javascript\\iterators-and-generators\\src\\lib\\range.js": {"path":"D:\\scripts\\_javascript\\iterators-and-generators\\src\\lib\\range.js","statementMap":{"0":{"start":{"line":2,"column":2},"end":{"line":4,"column":3}},"1":{"start":{"line":3,"column":4},"end":{"line":3,"column":58}},"2":{"start":{"line":5,"column":2},"end":{"line":7,"column":3}},"3":{"start":{"line":6,"column":4},"end":{"line":6,"column":59}},"4":{"start":{"line":8,"column":2},"end":{"line":10,"column":3}},"5":{"start":{"line":9,"column":4},"end":{"line":9,"column":57}},"6":{"start":{"line":11,"column":2},"end":{"line":13,"column":3}},"7":{"start":{"line":12,"column":4},"end":{"line":12,"column":51}},"8":{"start":{"line":14,"column":2},"end":{"line":19,"column":11}},"9":{"start":{"line":15,"column":12},"end":{"line":15,"column":17}},"10":{"start":{"line":19,"column":4},"end":{"line":19,"column":11}},"11":{"start":{"line":24,"column":4},"end":{"line":24,"column":22}},"12":{"start":{"line":28,"column":4},"end":{"line":28,"column":25}},"13":{"start":{"line":32,"column":4},"end":{"line":32,"column":15}}},"fnMap":{"0":{"name":"range","decl":{"start":{"line":1,"column":10},"end":{"line":1,"column":15}},"loc":{"start":{"line":1,"column":56},"end":{"line":20,"column":1}},"line":1},"1":{"name":"(anonymous_1)","decl":{"start":{"line":23,"column":2},"end":{"line":23,"column":3}},"loc":{"start":{"line":23,"column":24},"end":{"line":25,"column":3}},"line":23},"2":{"name":"(anonymous_2)","decl":{"start":{"line":27,"column":2},"end":{"line":27,"column":3}},"loc":{"start":{"line":27,"column":9},"end":{"line":29,"column":3}},"line":27},"3":{"name":"(anonymous_3)","decl":{"start":{"line":31,"column":2},"end":{"line":31,"column":3}},"loc":{"start":{"line":31,"column":22},"end":{"line":33,"column":3}},"line":31}},"branchMap":{"0":{"loc":{"start":{"line":1,"column":16},"end":{"line":1,"column":25}},"type":"default-arg","locations":[{"start":{"line":1,"column":24},"end":{"line":1,"column":25}}],"line":1},"1":{"loc":{"start":{"line":1,"column":27},"end":{"line":1,"column":44}},"type":"default-arg","locations":[{"start":{"line":1,"column":36},"end":{"line":1,"column":44}}],"line":1},"2":{"loc":{"start":{"line":1,"column":46},"end":{"line":1,"column":54}},"type":"default-arg","locations":[{"start":{"line":1,"column":53},"end":{"line":1,"column":54}}],"line":1},"3":{"loc":{"start":{"line":2,"column":2},"end":{"line":4,"column":3}},"type":"if","locations":[{"start":{"line":2,"column":2},"end":{"line":4,"column":3}},{"start":{},"end":{}}],"line":2},"4":{"loc":{"start":{"line":5,"column":2},"end":{"line":7,"column":3}},"type":"if","locations":[{"start":{"line":5,"column":2},"end":{"line":7,"column":3}},{"start":{},"end":{}}],"line":5},"5":{"loc":{"start":{"line":8,"column":2},"end":{"line":10,"column":3}},"type":"if","locations":[{"start":{"line":8,"column":2},"end":{"line":10,"column":3}},{"start":{},"end":{}}],"line":8},"6":{"loc":{"start":{"line":11,"column":2},"end":{"line":13,"column":3}},"type":"if","locations":[{"start":{"line":11,"column":2},"end":{"line":13,"column":3}},{"start":{},"end":{}}],"line":11},"7":{"loc":{"start":{"line":16,"column":4},"end":{"line":16,"column":56}},"type":"binary-expr","locations":[{"start":{"line":16,"column":5},"end":{"line":16,"column":13}},{"start":{"line":16,"column":17},"end":{"line":16,"column":27}},{"start":{"line":16,"column":33},"end":{"line":16,"column":41}},{"start":{"line":16,"column":45},"end":{"line":16,"column":55}}],"line":16}},"s":{"0":22,"1":2,"2":20,"3":4,"4":16,"5":2,"6":14,"7":2,"8":12,"9":12,"10":34,"11":11,"12":28,"13":7},"f":{"0":22,"1":11,"2":28,"3":7},"b":{"0":[2],"1":[4],"2":[12],"3":[2,20],"4":[4,16],"5":[2,14],"6":[2,12],"7":[46,28,26,18]},"_coverageSchema":"1a1c01bbd47fc00a2c39e90264f33305004495a9","hash":"cefe97349ec09f27dd9bf3d9ae3a5f9b846d39fa"}
}
