TN:
SF:src\lib\range.js
FN:1,range
FN:23,(anonymous_1)
FN:27,(anonymous_2)
FN:31,(anonymous_3)
FNF:4
FNH:4
FNDA:22,range
FNDA:11,(anonymous_1)
FNDA:28,(anonymous_2)
FNDA:7,(anonymous_3)
DA:2,22
DA:3,2
DA:5,20
DA:6,4
DA:8,16
DA:9,2
DA:11,14
DA:12,2
DA:14,12
DA:15,12
DA:19,34
DA:24,11
DA:28,28
DA:32,7
LF:14
LH:14
BRDA:1,0,0,2
BRDA:1,1,0,4
BRDA:1,2,0,12
BRDA:2,3,0,2
BRDA:2,3,1,20
BRDA:5,4,0,4
BRDA:5,4,1,16
BRDA:8,5,0,2
BRDA:8,5,1,14
BRDA:11,6,0,2
BRDA:11,6,1,12
BRDA:16,7,0,46
BRDA:16,7,1,28
BRDA:16,7,2,26
BRDA:16,7,3,18
BRF:15
BRH:15
end_of_record
