TN:
SF:src\lib\range.js
FN:1,range
FN:24,(anonymous_1)
FN:28,(anonymous_2)
FN:32,(anonymous_3)
FNF:4
FNH:4
FNDA:22,range
FNDA:11,(anonymous_1)
FNDA:33,(anonymous_2)
FNDA:7,(anonymous_3)
DA:2,22
DA:3,2
DA:6,20
DA:7,2
DA:9,18
DA:10,2
DA:12,16
DA:13,2
DA:15,14
DA:16,14
DA:20,45
DA:25,11
DA:29,33
DA:33,7
LF:14
LH:14
BRDA:1,0,0,2
BRDA:1,1,0,4
BRDA:1,2,0,12
BRDA:2,3,0,2
BRDA:2,3,1,20
BRDA:6,4,0,2
BRDA:6,4,1,18
BRDA:6,5,0,20
BRDA:6,5,1,4
BRDA:6,5,2,4
BRDA:9,6,0,2
BRDA:9,6,1,16
BRDA:12,7,0,2
BRDA:12,7,1,14
BRDA:17,8,0,57
BRDA:17,8,1,39
BRDA:17,8,2,26
BRDA:17,8,3,18
BRF:18
BRH:18
end_of_record
